Fetching list of all lines...
Found 81 line links.
  Scraping line: 0 (tram) from https://www.wroclaw.pl/komunikacja/linia-0-wroclaw
    Parsing content for line 0...
    Found 4 direction containers.
    Finished parsing for line 0. Found 4 valid directions.
  Scraping line: 1 (tram) from https://www.wroclaw.pl/komunikacja/linia-1-wroclaw
    Parsing content for line 1...
    Found 5 direction containers.
    Finished parsing for line 1. Found 5 valid directions.
  Scraping line: 10 (tram) from https://www.wroclaw.pl/komunikacja/linia-10-wroclaw
    Parsing content for line 10...
    Found 10 direction containers.
    Finished parsing for line 10. Found 10 valid directions.
  Scraping line: 100 (bus) from https://www.wroclaw.pl/komunikacja/linia-100-wroclaw
    Parsing content for line 100...
    Found 5 direction containers.
    Finished parsing for line 100. Found 5 valid directions.
  Scraping line: 101 (bus) from https://www.wroclaw.pl/komunikacja/linia-101-wroclaw
    Parsing content for line 101...
    Found 5 direction containers.
    Finished parsing for line 101. Found 5 valid directions.
  Scraping line: 102 (bus) from https://www.wroclaw.pl/komunikacja/linia-102-wroclaw
    Parsing content for line 102...
    Found 9 direction containers.
    Finished parsing for line 102. Found 9 valid directions.
  Scraping line: 103 (bus) from https://www.wroclaw.pl/komunikacja/linia-103-wroclaw
    Parsing content for line 103...
    Found 9 direction containers.
    Finished parsing for line 103. Found 9 valid directions.
  Scraping line: 104 (bus) from https://www.wroclaw.pl/komunikacja/linia-104-wroclaw
    Parsing content for line 104...
    Found 9 direction containers.
    Finished parsing for line 104. Found 9 valid directions.
  Scraping line: 105 (bus) from https://www.wroclaw.pl/komunikacja/linia-105-wroclaw
    Parsing content for line 105...
    Found 7 direction containers.
    Finished parsing for line 105. Found 7 valid directions.
  Scraping line: 106 (bus) from https://www.wroclaw.pl/komunikacja/linia-106-wroclaw
    Parsing content for line 106...
    Found 9 direction containers.
    Finished parsing for line 106. Found 9 valid directions.
  Scraping line: 107 (bus) from https://www.wroclaw.pl/komunikacja/linia-107-wroclaw
    Parsing content for line 107...
    Found 9 direction containers.
    Finished parsing for line 107. Found 9 valid directions.
  Scraping line: 108 (bus) from https://www.wroclaw.pl/komunikacja/linia-108-wroclaw
    Parsing content for line 108...
    Found 4 direction containers.
    Finished parsing for line 108. Found 4 valid directions.
  Scraping line: 11 (tram) from https://www.wroclaw.pl/komunikacja/linia-11-wroclaw
    Parsing content for line 11...
    Found 11 direction containers.
    Finished parsing for line 11. Found 11 valid directions.
  Scraping line: 110 (bus) from https://www.wroclaw.pl/komunikacja/linia-110-wroclaw
    Parsing content for line 110...
    Found 11 direction containers.
    Finished parsing for line 110. Found 11 valid directions.
  Scraping line: 111 (bus) from https://www.wroclaw.pl/komunikacja/linia-111-wroclaw
    Parsing content for line 111...
    Found 5 direction containers.
    Finished parsing for line 111. Found 5 valid directions.
  Scraping line: 112 (bus) from https://www.wroclaw.pl/komunikacja/linia-112-wroclaw
    Parsing content for line 112...
    Found 7 direction containers.
    Finished parsing for line 112. Found 7 valid directions.
  Scraping line: 113 (bus) from https://www.wroclaw.pl/komunikacja/linia-113-wroclaw
    Parsing content for line 113...
    Found 7 direction containers.
    Finished parsing for line 113. Found 7 valid directions.
  Scraping line: 114 (bus) from https://www.wroclaw.pl/komunikacja/linia-114-wroclaw
    Parsing content for line 114...
    Found 7 direction containers.
    Finished parsing for line 114. Found 7 valid directions.
  Scraping line: 115 (bus) from https://www.wroclaw.pl/komunikacja/linia-115-wroclaw
    Parsing content for line 115...
    Found 4 direction containers.
    Finished parsing for line 115. Found 4 valid directions.
  Scraping line: 116 (bus) from https://www.wroclaw.pl/komunikacja/linia-116-wroclaw
    Parsing content for line 116...
    Found 8 direction containers.
    Finished parsing for line 116. Found 8 valid directions.
  Scraping line: 117 (bus) from https://www.wroclaw.pl/komunikacja/linia-117-wroclaw
    Parsing content for line 117...
    Found 7 direction containers.
    Finished parsing for line 117. Found 7 valid directions.
  Scraping line: 118 (bus) from https://www.wroclaw.pl/komunikacja/linia-118-wroclaw
    Parsing content for line 118...
    Found 13 direction containers.
    Finished parsing for line 118. Found 13 valid directions.
  Scraping line: 119 (bus) from https://www.wroclaw.pl/komunikacja/linia-119-wroclaw
    Parsing content for line 119...
    Found 7 direction containers.
    Finished parsing for line 119. Found 7 valid directions.
  Scraping line: 12 (tram) from https://www.wroclaw.pl/komunikacja/linia-12-wroclaw
    Parsing content for line 12...
    Found 15 direction containers.
    Finished parsing for line 12. Found 15 valid directions.
  Scraping line: 120 (bus) from https://www.wroclaw.pl/komunikacja/linia-120-wroclaw
    Parsing content for line 120...
    Found 4 direction containers.
    Finished parsing for line 120. Found 4 valid directions.
  Scraping line: 121 (bus) from https://www.wroclaw.pl/komunikacja/linia-121-wroclaw
    Parsing content for line 121...
    Found 2 direction containers.
    Finished parsing for line 121. Found 2 valid directions.
  Scraping line: 122 (bus) from https://www.wroclaw.pl/komunikacja/linia-122-wroclaw
    Parsing content for line 122...
    Found 10 direction containers.
    Finished parsing for line 122. Found 10 valid directions.
  Scraping line: 123 (bus) from https://www.wroclaw.pl/komunikacja/linia-123-wroclaw
    Parsing content for line 123...
    Found 2 direction containers.
    Finished parsing for line 123. Found 2 valid directions.
  Scraping line: 124 (bus) from https://www.wroclaw.pl/komunikacja/linia-124-wroclaw
    Parsing content for line 124...
    Found 6 direction containers.
    Finished parsing for line 124. Found 6 valid directions.
  Scraping line: 125 (bus) from https://www.wroclaw.pl/komunikacja/linia-125-wroclaw
    Parsing content for line 125...
    Found 15 direction containers.
    Finished parsing for line 125. Found 15 valid directions.
  Scraping line: 126 (bus) from https://www.wroclaw.pl/komunikacja/linia-126-wroclaw
    Parsing content for line 126...
    Found 11 direction containers.
    Finished parsing for line 126. Found 11 valid directions.
  Scraping line: 127 (bus) from https://www.wroclaw.pl/komunikacja/linia-127-wroclaw
    Parsing content for line 127...
    Found 10 direction containers.
    Finished parsing for line 127. Found 10 valid directions.
  Scraping line: 128 (bus) from https://www.wroclaw.pl/komunikacja/linia-128-wroclaw
    Parsing content for line 128...
    Found 9 direction containers.
    Finished parsing for line 128. Found 9 valid directions.
  Scraping line: 129 (bus) from https://www.wroclaw.pl/komunikacja/linia-129-wroclaw
    Parsing content for line 129...
    Found 5 direction containers.
    Finished parsing for line 129. Found 5 valid directions.
  Scraping line: 13 (tram) from https://www.wroclaw.pl/komunikacja/linia-13-wroclaw
    Parsing content for line 13...
    Found 13 direction containers.
    Finished parsing for line 13. Found 13 valid directions.
  Scraping line: 130 (bus) from https://www.wroclaw.pl/komunikacja/linia-130-wroclaw
    Parsing content for line 130...
    Found 6 direction containers.
    Finished parsing for line 130. Found 6 valid directions.
  Scraping line: 131 (bus) from https://www.wroclaw.pl/komunikacja/linia-131-wroclaw
    Parsing content for line 131...
    Found 3 direction containers.
    Finished parsing for line 131. Found 3 valid directions.
  Scraping line: 132 (bus) from https://www.wroclaw.pl/komunikacja/linia-132-wroclaw
    Parsing content for line 132...
    Found 6 direction containers.
Current working directory: /app
Contents of mpk_viewer: ['user.bat', 'templates', 'requirements.txt', 'static', '.gitignore', 'data', 'setup.bat', 'app.py']
Fetching list of all lines...
Found 81 line links.
  Scraping line: 0 (tram) from https://www.wroclaw.pl/komunikacja/linia-0-wroclaw
    Parsing content for line 0...
    Found 4 direction containers.
    Finished parsing for line 0. Found 4 valid directions.
  Scraping line: 1 (tram) from https://www.wroclaw.pl/komunikacja/linia-1-wroclaw
    Parsing content for line 1...
    Found 5 direction containers.
    Finished parsing for line 1. Found 5 valid directions.
  Scraping line: 10 (tram) from https://www.wroclaw.pl/komunikacja/linia-10-wroclaw
    Parsing content for line 10...
    Found 10 direction containers.
    Finished parsing for line 10. Found 10 valid directions.
  Scraping line: 100 (bus) from https://www.wroclaw.pl/komunikacja/linia-100-wroclaw
    Parsing content for line 100...
    Found 5 direction containers.
    Finished parsing for line 100. Found 5 valid directions.
  Scraping line: 101 (bus) from https://www.wroclaw.pl/komunikacja/linia-101-wroclaw
    Parsing content for line 101...
    Found 5 direction containers.
    Finished parsing for line 101. Found 5 valid directions.
  Scraping line: 102 (bus) from https://www.wroclaw.pl/komunikacja/linia-102-wroclaw
    Parsing content for line 102...
    Found 9 direction containers.
    Finished parsing for line 102. Found 9 valid directions.
  Scraping line: 103 (bus) from https://www.wroclaw.pl/komunikacja/linia-103-wroclaw
    Parsing content for line 103...
    Found 9 direction containers.
    Finished parsing for line 103. Found 9 valid directions.
  Scraping line: 104 (bus) from https://www.wroclaw.pl/komunikacja/linia-104-wroclaw
    Parsing content for line 104...
    Found 9 direction containers.
    Finished parsing for line 104. Found 9 valid directions.
  Scraping line: 105 (bus) from https://www.wroclaw.pl/komunikacja/linia-105-wroclaw
    Parsing content for line 105...
    Found 7 direction containers.
    Finished parsing for line 105. Found 7 valid directions.
  Scraping line: 106 (bus) from https://www.wroclaw.pl/komunikacja/linia-106-wroclaw
    Parsing content for line 106...
    Found 9 direction containers.
    Finished parsing for line 106. Found 9 valid directions.
  Scraping line: 107 (bus) from https://www.wroclaw.pl/komunikacja/linia-107-wroclaw
    Parsing content for line 107...
    Found 9 direction containers.
    Finished parsing for line 107. Found 9 valid directions.
  Scraping line: 108 (bus) from https://www.wroclaw.pl/komunikacja/linia-108-wroclaw
    Parsing content for line 108...
    Found 4 direction containers.
    Finished parsing for line 108. Found 4 valid directions.
  Scraping line: 11 (tram) from https://www.wroclaw.pl/komunikacja/linia-11-wroclaw
    Parsing content for line 11...
    Found 11 direction containers.
    Finished parsing for line 11. Found 11 valid directions.
  Scraping line: 110 (bus) from https://www.wroclaw.pl/komunikacja/linia-110-wroclaw
    Parsing content for line 110...
    Found 11 direction containers.
    Finished parsing for line 110. Found 11 valid directions.
  Scraping line: 111 (bus) from https://www.wroclaw.pl/komunikacja/linia-111-wroclaw
    Parsing content for line 111...
    Found 5 direction containers.
    Finished parsing for line 111. Found 5 valid directions.
  Scraping line: 112 (bus) from https://www.wroclaw.pl/komunikacja/linia-112-wroclaw
    Parsing content for line 112...
    Found 7 direction containers.
    Finished parsing for line 112. Found 7 valid directions.
  Scraping line: 113 (bus) from https://www.wroclaw.pl/komunikacja/linia-113-wroclaw
    Parsing content for line 113...
    Found 7 direction containers.
    Finished parsing for line 113. Found 7 valid directions.
  Scraping line: 114 (bus) from https://www.wroclaw.pl/komunikacja/linia-114-wroclaw
    Parsing content for line 114...
    Found 7 direction containers.
    Finished parsing for line 114. Found 7 valid directions.
  Scraping line: 115 (bus) from https://www.wroclaw.pl/komunikacja/linia-115-wroclaw
    Parsing content for line 115...
    Found 4 direction containers.
    Finished parsing for line 115. Found 4 valid directions.
  Scraping line: 116 (bus) from https://www.wroclaw.pl/komunikacja/linia-116-wroclaw
    Parsing content for line 116...
    Found 8 direction containers.
    Finished parsing for line 116. Found 8 valid directions.
  Scraping line: 117 (bus) from https://www.wroclaw.pl/komunikacja/linia-117-wroclaw
    Parsing content for line 117...
    Found 7 direction containers.
    Finished parsing for line 117. Found 7 valid directions.
  Scraping line: 118 (bus) from https://www.wroclaw.pl/komunikacja/linia-118-wroclaw
    Parsing content for line 118...
    Found 13 direction containers.
    Finished parsing for line 118. Found 13 valid directions.
  Scraping line: 119 (bus) from https://www.wroclaw.pl/komunikacja/linia-119-wroclaw
    Parsing content for line 119...
    Found 7 direction containers.
    Finished parsing for line 119. Found 7 valid directions.
  Scraping line: 12 (tram) from https://www.wroclaw.pl/komunikacja/linia-12-wroclaw
    Parsing content for line 12...
    Found 15 direction containers.
    Finished parsing for line 12. Found 15 valid directions.
  Scraping line: 120 (bus) from https://www.wroclaw.pl/komunikacja/linia-120-wroclaw
    Parsing content for line 120...
    Found 4 direction containers.
    Finished parsing for line 120. Found 4 valid directions.
  Scraping line: 121 (bus) from https://www.wroclaw.pl/komunikacja/linia-121-wroclaw
    Parsing content for line 121...
    Found 2 direction containers.
    Finished parsing for line 121. Found 2 valid directions.
  Scraping line: 122 (bus) from https://www.wroclaw.pl/komunikacja/linia-122-wroclaw
    Parsing content for line 122...
    Found 10 direction containers.
    Finished parsing for line 122. Found 10 valid directions.
  Scraping line: 123 (bus) from https://www.wroclaw.pl/komunikacja/linia-123-wroclaw
    Parsing content for line 123...
    Found 2 direction containers.
    Finished parsing for line 123. Found 2 valid directions.
  Scraping line: 124 (bus) from https://www.wroclaw.pl/komunikacja/linia-124-wroclaw
    Parsing content for line 124...
    Found 6 direction containers.
    Finished parsing for line 124. Found 6 valid directions.
  Scraping line: 125 (bus) from https://www.wroclaw.pl/komunikacja/linia-125-wroclaw
    Parsing content for line 125...
    Found 15 direction containers.
    Finished parsing for line 125. Found 15 valid directions.
  Scraping line: 126 (bus) from https://www.wroclaw.pl/komunikacja/linia-126-wroclaw
    Parsing content for line 126...
    Found 11 direction containers.
    Finished parsing for line 126. Found 11 valid directions.
  Scraping line: 127 (bus) from https://www.wroclaw.pl/komunikacja/linia-127-wroclaw
    Parsing content for line 127...
    Found 10 direction containers.
    Finished parsing for line 127. Found 10 valid directions.
  Scraping line: 128 (bus) from https://www.wroclaw.pl/komunikacja/linia-128-wroclaw
    Parsing content for line 128...
    Found 9 direction containers.
    Finished parsing for line 128. Found 9 valid directions.
  Scraping line: 129 (bus) from https://www.wroclaw.pl/komunikacja/linia-129-wroclaw
    Parsing content for line 129...
    Found 5 direction containers.
    Finished parsing for line 129. Found 5 valid directions.
  Scraping line: 13 (tram) from https://www.wroclaw.pl/komunikacja/linia-13-wroclaw
    Parsing content for line 13...
    Found 13 direction containers.
    Finished parsing for line 13. Found 13 valid directions.
  Scraping line: 130 (bus) from https://www.wroclaw.pl/komunikacja/linia-130-wroclaw
    Parsing content for line 130...
    Found 6 direction containers.
    Finished parsing for line 130. Found 6 valid directions.
  Scraping line: 131 (bus) from https://www.wroclaw.pl/komunikacja/linia-131-wroclaw
    Parsing content for line 131...
    Found 3 direction containers.
    Finished parsing for line 131. Found 3 valid directions.    Finished parsing for line 132. Found 6 valid directions.
  Scraping line: 133 (bus) from https://www.wroclaw.pl/komunikacja/linia-133-wroclaw
    Parsing content for line 133...
    Found 17 direction containers.
    Finished parsing for line 133. Found 17 valid directions.
  Scraping line: 134 (bus) from https://www.wroclaw.pl/komunikacja/linia-134-wroclaw
    Parsing content for line 134...
    Found 8 direction containers.
    Finished parsing for line 134. Found 8 valid directions.
  Scraping line: 136 (bus) from https://www.wroclaw.pl/komunikacja/linia-136-wroclaw
    Parsing content for line 136...
    Found 2 direction containers.
    Finished parsing for line 136. Found 2 valid directions.
  Scraping line: 137 (bus) from https://www.wroclaw.pl/komunikacja/linia-137-wroclaw
    Parsing content for line 137...
    Found 2 direction containers.
    Finished parsing for line 137. Found 2 valid directions.
  Scraping line: 138 (bus) from https://www.wroclaw.pl/komunikacja/linia-138-wroclaw
    Parsing content for line 138...
    Found 2 direction containers.
    Finished parsing for line 138. Found 2 valid directions.
  Scraping line: 14 (tram) from https://www.wroclaw.pl/komunikacja/linia-14-wroclaw
    Parsing content for line 14...
    Found 9 direction containers.
    Finished parsing for line 14. Found 9 valid directions.
  Scraping line: 142 (bus) from https://www.wroclaw.pl/komunikacja/linia-142-wroclaw
    Parsing content for line 142...
    Found 6 direction containers.
    Finished parsing for line 142. Found 6 valid directions.
  Scraping line: 143 (bus) from https://www.wroclaw.pl/komunikacja/linia-143-wroclaw
    Parsing content for line 143...
    Found 12 direction containers.
    Finished parsing for line 143. Found 12 valid directions.
  Scraping line: 144 (bus) from https://www.wroclaw.pl/komunikacja/linia-144-wroclaw
    Parsing content for line 144...
    Found 8 direction containers.
    Finished parsing for line 144. Found 8 valid directions.
  Scraping line: 145 (bus) from https://www.wroclaw.pl/komunikacja/linia-145-wroclaw
    Parsing content for line 145...
    Found 9 direction containers.
    Finished parsing for line 145. Found 9 valid directions.
  Scraping line: 146 (bus) from https://www.wroclaw.pl/komunikacja/linia-146-wroclaw
    Parsing content for line 146...
    Found 6 direction containers.
    Finished parsing for line 146. Found 6 valid directions.
  Scraping line: 147 (bus) from https://www.wroclaw.pl/komunikacja/linia-147-wroclaw
    Parsing content for line 147...
    Found 10 direction containers.
    Finished parsing for line 147. Found 10 valid directions.
  Scraping line: 148 (bus) from https://www.wroclaw.pl/komunikacja/linia-148-wroclaw
    Parsing content for line 148...
    Found 6 direction containers.
    Finished parsing for line 148. Found 6 valid directions.
  Scraping line: 149 (bus) from https://www.wroclaw.pl/komunikacja/linia-149-wroclaw
    Parsing content for line 149...
    Found 9 direction containers.
    Finished parsing for line 149. Found 9 valid directions.
  Scraping line: 15 (tram) from https://www.wroclaw.pl/komunikacja/linia-15-wroclaw
    Parsing content for line 15...
    Found 8 direction containers.
    Finished parsing for line 15. Found 8 valid directions.
  Scraping line: 150 (bus) from https://www.wroclaw.pl/komunikacja/linia-150-wroclaw
    Parsing content for line 150...
    Found 5 direction containers.
    Finished parsing for line 150. Found 5 valid directions.
  Scraping line: 151 (bus) from https://www.wroclaw.pl/komunikacja/linia-151-wroclaw
    Parsing content for line 151...
    Found 9 direction containers.
    Finished parsing for line 151. Found 9 valid directions.
  Scraping line: 152 (bus) from https://www.wroclaw.pl/komunikacja/linia-152-wroclaw
    Parsing content for line 152...
    Found 8 direction containers.
    Finished parsing for line 152. Found 8 valid directions.
  Scraping line: 16 (tram) from https://www.wroclaw.pl/komunikacja/linia-16-wroclaw
    Parsing content for line 16...
    Found 8 direction containers.
    Finished parsing for line 16. Found 8 valid directions.
  Scraping line: 17 (tram) from https://www.wroclaw.pl/komunikacja/linia-17-wroclaw
    Parsing content for line 17...
    Found 7 direction containers.
    Finished parsing for line 17. Found 7 valid directions.
  Scraping line: 18 (tram) from https://www.wroclaw.pl/komunikacja/linia-18-wroclaw
    Parsing content for line 18...
    Found 6 direction containers.
    Finished parsing for line 18. Found 6 valid directions.
  Scraping line: 19 (tram) from https://www.wroclaw.pl/komunikacja/linia-19-wroclaw
    Parsing content for line 19...
    Found 10 direction containers.
    Finished parsing for line 19. Found 10 valid directions.
  Scraping line: 2 (tram) from https://www.wroclaw.pl/komunikacja/linia-2-wroclaw
    Parsing content for line 2...
    Found 8 direction containers.
    Finished parsing for line 2. Found 8 valid directions.
  Scraping line: 20 (tram) from https://www.wroclaw.pl/komunikacja/linia-20-wroclaw
    Parsing content for line 20...
    Found 10 direction containers.
    Finished parsing for line 20. Found 10 valid directions.
  Scraping line: 21 (tram) from https://www.wroclaw.pl/komunikacja/linia-21-wroclaw
    Parsing content for line 21...
    Found 5 direction containers.
    Finished parsing for line 21. Found 5 valid directions.
  Scraping line: 22 (tram) from https://www.wroclaw.pl/komunikacja/linia-22-wroclaw
    Parsing content for line 22...
    Found 12 direction containers.
    Finished parsing for line 22. Found 12 valid directions.
  Scraping line: 23 (tram) from https://www.wroclaw.pl/komunikacja/linia-23-wroclaw
    Parsing content for line 23...
    Found 7 direction containers.
    Finished parsing for line 23. Found 7 valid directions.
  Scraping line: 24 (tram) from https://www.wroclaw.pl/komunikacja/linia-24-wroclaw
    Parsing content for line 24...
    Found 5 direction containers.
    Finished parsing for line 24. Found 5 valid directions.
  Scraping line: 3 (tram) from https://www.wroclaw.pl/komunikacja/linia-3-wroclaw
    Parsing content for line 3...
    Found 14 direction containers.
    Finished parsing for line 3. Found 14 valid directions.
  Scraping line: 310 (bus) from https://www.wroclaw.pl/komunikacja/linia-310-wroclaw
    Parsing content for line 310...
    Found 8 direction containers.
    Finished parsing for line 310. Found 8 valid directions.
  Scraping line: 315 (bus) from https://www.wroclaw.pl/komunikacja/linia-315-wroclaw
    Parsing content for line 315...
    Found 2 direction containers.
    Finished parsing for line 315. Found 2 valid directions.
  Scraping line: 319 (bus) from https://www.wroclaw.pl/komunikacja/linia-319-wroclaw
    Parsing content for line 319...
    Found 7 direction containers.
    Finished parsing for line 319. Found 7 valid directions.
  Scraping line: 345 (bus) from https://www.wroclaw.pl/komunikacja/linia-345-wroclaw
    Parsing content for line 345...
    Found 1 direction containers.
    Finished parsing for line 345. Found 1 valid directions.
  Scraping line: 4 (tram) from https://www.wroclaw.pl/komunikacja/linia-4-wroclaw
    Parsing content for line 4...
    Found 12 direction containers.
    Finished parsing for line 4. Found 12 valid directions.
  Scraping line: 5 (tram) from https://www.wroclaw.pl/komunikacja/linia-5-wroclaw
    Parsing content for line 5...
    Found 13 direction containers.
    Finished parsing for line 5. Found 13 valid directions.
  Scraping line: 6 (tram) from https://www.wroclaw.pl/komunikacja/linia-6-wroclaw
    Parsing content for line 6...
    Found 5 direction containers.
    Finished parsing for line 6. Found 5 valid directions.
  Scraping line: 602 (bus) from https://www.wroclaw.pl/komunikacja/linia-602-wroclaw
    Parsing content for line 602...
    Found 6 direction containers.
    Finished parsing for line 602. Found 6 valid directions.
  Scraping line: 607 (bus) from https://www.wroclaw.pl/komunikacja/linia-607-wroclaw
    Parsing content for line 607...
    Found 5 direction containers.
    Finished parsing for line 607. Found 5 valid directions.    Finished parsing for line 132. Found 6 valid directions.
  Scraping line: 133 (bus) from https://www.wroclaw.pl/komunikacja/linia-133-wroclaw
    Parsing content for line 133...
    Found 17 direction containers.
    Finished parsing for line 133. Found 17 valid directions.
  Scraping line: 134 (bus) from https://www.wroclaw.pl/komunikacja/linia-134-wroclaw
    Parsing content for line 134...
    Found 8 direction containers.
    Finished parsing for line 134. Found 8 valid directions.
  Scraping line: 136 (bus) from https://www.wroclaw.pl/komunikacja/linia-136-wroclaw
    Parsing content for line 136...
    Found 2 direction containers.
    Finished parsing for line 136. Found 2 valid directions.
  Scraping line: 137 (bus) from https://www.wroclaw.pl/komunikacja/linia-137-wroclaw
    Parsing content for line 137...
    Found 2 direction containers.
    Finished parsing for line 137. Found 2 valid directions.
  Scraping line: 138 (bus) from https://www.wroclaw.pl/komunikacja/linia-138-wroclaw
    Parsing content for line 138...
    Found 2 direction containers.
    Finished parsing for line 138. Found 2 valid directions.
  Scraping line: 14 (tram) from https://www.wroclaw.pl/komunikacja/linia-14-wroclaw
    Parsing content for line 14...
    Found 9 direction containers.
    Finished parsing for line 14. Found 9 valid directions.
  Scraping line: 142 (bus) from https://www.wroclaw.pl/komunikacja/linia-142-wroclaw
    Parsing content for line 142...
    Found 6 direction containers.
    Finished parsing for line 142. Found 6 valid directions.
  Scraping line: 143 (bus) from https://www.wroclaw.pl/komunikacja/linia-143-wroclaw
    Parsing content for line 143...
    Found 12 direction containers.
    Finished parsing for line 143. Found 12 valid directions.
  Scraping line: 144 (bus) from https://www.wroclaw.pl/komunikacja/linia-144-wroclaw
    Parsing content for line 144...
    Found 8 direction containers.
    Finished parsing for line 144. Found 8 valid directions.
  Scraping line: 145 (bus) from https://www.wroclaw.pl/komunikacja/linia-145-wroclaw
    Parsing content for line 145...
    Found 9 direction containers.
    Finished parsing for line 145. Found 9 valid directions.
  Scraping line: 146 (bus) from https://www.wroclaw.pl/komunikacja/linia-146-wroclaw
    Parsing content for line 146...
    Found 6 direction containers.
    Finished parsing for line 146. Found 6 valid directions.
  Scraping line: 147 (bus) from https://www.wroclaw.pl/komunikacja/linia-147-wroclaw
    Parsing content for line 147...
    Found 10 direction containers.
    Finished parsing for line 147. Found 10 valid directions.
  Scraping line: 148 (bus) from https://www.wroclaw.pl/komunikacja/linia-148-wroclaw
    Parsing content for line 148...
    Found 6 direction containers.
    Finished parsing for line 148. Found 6 valid directions.
  Scraping line: 149 (bus) from https://www.wroclaw.pl/komunikacja/linia-149-wroclaw
    Parsing content for line 149...
    Found 9 direction containers.
    Finished parsing for line 149. Found 9 valid directions.
  Scraping line: 15 (tram) from https://www.wroclaw.pl/komunikacja/linia-15-wroclaw
    Parsing content for line 15...
    Found 8 direction containers.
    Finished parsing for line 15. Found 8 valid directions.
  Scraping line: 150 (bus) from https://www.wroclaw.pl/komunikacja/linia-150-wroclaw
    Parsing content for line 150...
    Found 5 direction containers.
    Finished parsing for line 150. Found 5 valid directions.
  Scraping line: 151 (bus) from https://www.wroclaw.pl/komunikacja/linia-151-wroclaw
    Parsing content for line 151...
    Found 9 direction containers.
    Finished parsing for line 151. Found 9 valid directions.
  Scraping line: 152 (bus) from https://www.wroclaw.pl/komunikacja/linia-152-wroclaw
    Parsing content for line 152...
    Found 8 direction containers.
    Finished parsing for line 152. Found 8 valid directions.
  Scraping line: 16 (tram) from https://www.wroclaw.pl/komunikacja/linia-16-wroclaw
    Parsing content for line 16...
    Found 8 direction containers.
    Finished parsing for line 16. Found 8 valid directions.
  Scraping line: 17 (tram) from https://www.wroclaw.pl/komunikacja/linia-17-wroclaw
    Parsing content for line 17...
    Found 7 direction containers.
    Finished parsing for line 17. Found 7 valid directions.
  Scraping line: 18 (tram) from https://www.wroclaw.pl/komunikacja/linia-18-wroclaw
    Parsing content for line 18...
    Found 6 direction containers.
    Finished parsing for line 18. Found 6 valid directions.
  Scraping line: 19 (tram) from https://www.wroclaw.pl/komunikacja/linia-19-wroclaw
    Parsing content for line 19...
    Found 10 direction containers.
    Finished parsing for line 19. Found 10 valid directions.
  Scraping line: 2 (tram) from https://www.wroclaw.pl/komunikacja/linia-2-wroclaw
    Parsing content for line 2...
    Found 8 direction containers.
    Finished parsing for line 2. Found 8 valid directions.
  Scraping line: 20 (tram) from https://www.wroclaw.pl/komunikacja/linia-20-wroclaw
    Parsing content for line 20...
    Found 10 direction containers.
    Finished parsing for line 20. Found 10 valid directions.
  Scraping line: 21 (tram) from https://www.wroclaw.pl/komunikacja/linia-21-wroclaw
    Parsing content for line 21...
    Found 5 direction containers.
    Finished parsing for line 21. Found 5 valid directions.
  Scraping line: 22 (tram) from https://www.wroclaw.pl/komunikacja/linia-22-wroclaw
    Parsing content for line 22...
    Found 12 direction containers.
    Finished parsing for line 22. Found 12 valid directions.
  Scraping line: 23 (tram) from https://www.wroclaw.pl/komunikacja/linia-23-wroclaw
    Parsing content for line 23...
    Found 7 direction containers.
    Finished parsing for line 23. Found 7 valid directions.
  Scraping line: 24 (tram) from https://www.wroclaw.pl/komunikacja/linia-24-wroclaw
    Parsing content for line 24...
    Found 5 direction containers.
    Finished parsing for line 24. Found 5 valid directions.
  Scraping line: 3 (tram) from https://www.wroclaw.pl/komunikacja/linia-3-wroclaw
    Parsing content for line 3...
    Found 14 direction containers.
    Finished parsing for line 3. Found 14 valid directions.
  Scraping line: 310 (bus) from https://www.wroclaw.pl/komunikacja/linia-310-wroclaw
    Parsing content for line 310...
    Found 8 direction containers.
    Finished parsing for line 310. Found 8 valid directions.
  Scraping line: 315 (bus) from https://www.wroclaw.pl/komunikacja/linia-315-wroclaw
    Parsing content for line 315...
    Found 2 direction containers.
    Finished parsing for line 315. Found 2 valid directions.
  Scraping line: 319 (bus) from https://www.wroclaw.pl/komunikacja/linia-319-wroclaw
    Parsing content for line 319...
    Found 7 direction containers.
    Finished parsing for line 319. Found 7 valid directions.
  Scraping line: 345 (bus) from https://www.wroclaw.pl/komunikacja/linia-345-wroclaw
    Parsing content for line 345...
    Found 1 direction containers.
    Finished parsing for line 345. Found 1 valid directions.
  Scraping line: 4 (tram) from https://www.wroclaw.pl/komunikacja/linia-4-wroclaw
    Parsing content for line 4...
    Found 12 direction containers.
    Finished parsing for line 4. Found 12 valid directions.
  Scraping line: 5 (tram) from https://www.wroclaw.pl/komunikacja/linia-5-wroclaw
    Parsing content for line 5...
    Found 13 direction containers.
    Finished parsing for line 5. Found 13 valid directions.
  Scraping line: 6 (tram) from https://www.wroclaw.pl/komunikacja/linia-6-wroclaw
    Parsing content for line 6...
    Found 5 direction containers.
    Finished parsing for line 6. Found 5 valid directions.
  Scraping line: 602 (bus) from https://www.wroclaw.pl/komunikacja/linia-602-wroclaw
    Parsing content for line 602...
    Found 6 direction containers.
    Finished parsing for line 602. Found 6 valid directions.
  Scraping line: 607 (bus) from https://www.wroclaw.pl/komunikacja/linia-607-wroclaw
    Parsing content for line 607...
    Found 5 direction containers.
    Finished parsing for line 607. Found 5 valid directions.
  Scraping line: 612 (bus) from https://www.wroclaw.pl/komunikacja/linia-612-wroclaw
    Parsing content for line 612...
    Found 2 direction containers.
    Finished parsing for line 612. Found 2 valid directions.
  Scraping line: 7 (tram) from https://www.wroclaw.pl/komunikacja/linia-7-wroclaw
    Parsing content for line 7...
    Found 9 direction containers.
    Finished parsing for line 7. Found 9 valid directions.
  Scraping line: 715 (bus) from https://www.wroclaw.pl/komunikacja/linia-715-wroclaw
    Parsing content for line 715...
    Found 4 direction containers.
    Finished parsing for line 715. Found 4 valid directions.
  Scraping line: 8 (tram) from https://www.wroclaw.pl/komunikacja/linia-8-wroclaw
    Parsing content for line 8...
    Found 8 direction containers.
    Finished parsing for line 8. Found 8 valid directions.
  Scraping line: 9 (tram) from https://www.wroclaw.pl/komunikacja/linia-9-wroclaw
    Parsing content for line 9...
    Found 7 direction containers.
    Finished parsing for line 9. Found 7 valid directions.

Scraping complete. Data saved to mpk_viewer/data/routes.json

  Scraping line: 612 (bus) from https://www.wroclaw.pl/komunikacja/linia-612-wroclaw
    Parsing content for line 612...
    Found 2 direction containers.
    Finished parsing for line 612. Found 2 valid directions.
  Scraping line: 7 (tram) from https://www.wroclaw.pl/komunikacja/linia-7-wroclaw
    Parsing content for line 7...
    Found 9 direction containers.
    Finished parsing for line 7. Found 9 valid directions.
  Scraping line: 715 (bus) from https://www.wroclaw.pl/komunikacja/linia-715-wroclaw
    Parsing content for line 715...
    Found 4 direction containers.
    Finished parsing for line 715. Found 4 valid directions.
  Scraping line: 8 (tram) from https://www.wroclaw.pl/komunikacja/linia-8-wroclaw
    Parsing content for line 8...
    Found 8 direction containers.
    Finished parsing for line 8. Found 8 valid directions.
  Scraping line: 9 (tram) from https://www.wroclaw.pl/komunikacja/linia-9-wroclaw
    Parsing content for line 9...
    Found 7 direction containers.
    Finished parsing for line 9. Found 7 valid directions.

Scraping complete. Data saved to mpk_viewer/data/routes.json

  Scraping line: 132 (bus) from https://www.wroclaw.pl/komunikacja/linia-132-wroclaw
    Parsing content for line 132...
    Found 6 direction containers.
    Finished parsing for line 132. Found 6 valid directions.
  Scraping line: 133 (bus) from https://www.wroclaw.pl/komunikacja/linia-133-wroclaw
    Parsing content for line 133...
    Found 17 direction containers.
    Finished parsing for line 133. Found 17 valid directions.
  Scraping line: 134 (bus) from https://www.wroclaw.pl/komunikacja/linia-134-wroclaw
    Parsing content for line 134...
    Found 8 direction containers.
    Finished parsing for line 134. Found 8 valid directions.
  Scraping line: 136 (bus) from https://www.wroclaw.pl/komunikacja/linia-136-wroclaw
    Parsing content for line 136...
    Found 2 direction containers.
    Finished parsing for line 136. Found 2 valid directions.
  Scraping line: 137 (bus) from https://www.wroclaw.pl/komunikacja/linia-137-wroclaw
    Parsing content for line 137...
    Found 2 direction containers.
    Finished parsing for line 137. Found 2 valid directions.
  Scraping line: 138 (bus) from https://www.wroclaw.pl/komunikacja/linia-138-wroclaw
    Parsing content for line 138...
    Found 2 direction containers.
    Finished parsing for line 138. Found 2 valid directions.
  Scraping line: 14 (tram) from https://www.wroclaw.pl/komunikacja/linia-14-wroclaw
    Parsing content for line 14...
    Found 9 direction containers.
    Finished parsing for line 14. Found 9 valid directions.
  Scraping line: 142 (bus) from https://www.wroclaw.pl/komunikacja/linia-142-wroclaw
    Parsing content for line 142...
    Found 6 direction containers.
    Finished parsing for line 142. Found 6 valid directions.
  Scraping line: 143 (bus) from https://www.wroclaw.pl/komunikacja/linia-143-wroclaw
    Parsing content for line 143...
    Found 12 direction containers.
    Finished parsing for line 143. Found 12 valid directions.
  Scraping line: 144 (bus) from https://www.wroclaw.pl/komunikacja/linia-144-wroclaw
    Parsing content for line 144...
    Found 8 direction containers.
    Finished parsing for line 144. Found 8 valid directions.
  Scraping line: 145 (bus) from https://www.wroclaw.pl/komunikacja/linia-145-wroclaw
    Parsing content for line 145...
    Found 9 direction containers.
    Finished parsing for line 145. Found 9 valid directions.
  Scraping line: 146 (bus) from https://www.wroclaw.pl/komunikacja/linia-146-wroclaw
    Parsing content for line 146...
    Found 6 direction containers.
    Finished parsing for line 146. Found 6 valid directions.
  Scraping line: 147 (bus) from https://www.wroclaw.pl/komunikacja/linia-147-wroclaw
    Parsing content for line 147...
    Found 10 direction containers.
    Finished parsing for line 147. Found 10 valid directions.
  Scraping line: 148 (bus) from https://www.wroclaw.pl/komunikacja/linia-148-wroclaw
    Parsing content for line 148...
    Found 6 direction containers.
    Finished parsing for line 148. Found 6 valid directions.
  Scraping line: 149 (bus) from https://www.wroclaw.pl/komunikacja/linia-149-wroclaw
    Parsing content for line 149...
    Found 9 direction containers.
    Finished parsing for line 149. Found 9 valid directions.
  Scraping line: 15 (tram) from https://www.wroclaw.pl/komunikacja/linia-15-wroclaw
    Parsing content for line 15...
    Found 8 direction containers.
    Finished parsing for line 15. Found 8 valid directions.
  Scraping line: 150 (bus) from https://www.wroclaw.pl/komunikacja/linia-150-wroclaw
    Parsing content for line 150...
    Found 5 direction containers.
    Finished parsing for line 150. Found 5 valid directions.
  Scraping line: 151 (bus) from https://www.wroclaw.pl/komunikacja/linia-151-wroclaw
    Parsing content for line 151...
    Found 9 direction containers.
    Finished parsing for line 151. Found 9 valid directions.
  Scraping line: 152 (bus) from https://www.wroclaw.pl/komunikacja/linia-152-wroclaw
    Parsing content for line 152...
    Found 8 direction containers.
    Finished parsing for line 152. Found 8 valid directions.
  Scraping line: 16 (tram) from https://www.wroclaw.pl/komunikacja/linia-16-wroclaw
    Parsing content for line 16...
    Found 8 direction containers.
    Finished parsing for line 16. Found 8 valid directions.
  Scraping line: 17 (tram) from https://www.wroclaw.pl/komunikacja/linia-17-wroclaw
    Parsing content for line 17...
    Found 7 direction containers.
    Finished parsing for line 17. Found 7 valid directions.
  Scraping line: 18 (tram) from https://www.wroclaw.pl/komunikacja/linia-18-wroclaw
    Parsing content for line 18...
    Found 6 direction containers.
    Finished parsing for line 18. Found 6 valid directions.
  Scraping line: 19 (tram) from https://www.wroclaw.pl/komunikacja/linia-19-wroclaw
    Parsing content for line 19...
    Found 10 direction containers.
    Finished parsing for line 19. Found 10 valid directions.
  Scraping line: 2 (tram) from https://www.wroclaw.pl/komunikacja/linia-2-wroclaw
    Parsing content for line 2...
    Found 8 direction containers.
    Finished parsing for line 2. Found 8 valid directions.
  Scraping line: 20 (tram) from https://www.wroclaw.pl/komunikacja/linia-20-wroclaw
    Parsing content for line 20...
    Found 10 direction containers.
    Finished parsing for line 20. Found 10 valid directions.
  Scraping line: 21 (tram) from https://www.wroclaw.pl/komunikacja/linia-21-wroclaw
    Parsing content for line 21...
    Found 5 direction containers.
    Finished parsing for line 21. Found 5 valid directions.
  Scraping line: 22 (tram) from https://www.wroclaw.pl/komunikacja/linia-22-wroclaw
    Parsing content for line 22...
    Found 12 direction containers.
    Finished parsing for line 22. Found 12 valid directions.
  Scraping line: 23 (tram) from https://www.wroclaw.pl/komunikacja/linia-23-wroclaw
    Parsing content for line 23...
    Found 7 direction containers.
    Finished parsing for line 23. Found 7 valid directions.
  Scraping line: 24 (tram) from https://www.wroclaw.pl/komunikacja/linia-24-wroclaw
    Parsing content for line 24...
    Found 5 direction containers.
    Finished parsing for line 24. Found 5 valid directions.
  Scraping line: 3 (tram) from https://www.wroclaw.pl/komunikacja/linia-3-wroclaw
    Parsing content for line 3...
    Found 14 direction containers.
    Finished parsing for line 3. Found 14 valid directions.
  Scraping line: 310 (bus) from https://www.wroclaw.pl/komunikacja/linia-310-wroclaw
    Parsing content for line 310...
    Found 8 direction containers.
    Finished parsing for line 310. Found 8 valid directions.
  Scraping line: 315 (bus) from https://www.wroclaw.pl/komunikacja/linia-315-wroclaw
    Parsing content for line 315...
    Found 2 direction containers.
    Finished parsing for line 315. Found 2 valid directions.
  Scraping line: 319 (bus) from https://www.wroclaw.pl/komunikacja/linia-319-wroclaw
    Parsing content for line 319...
    Found 7 direction containers.
    Finished parsing for line 319. Found 7 valid directions.
  Scraping line: 345 (bus) from https://www.wroclaw.pl/komunikacja/linia-345-wroclaw
    Parsing content for line 345...
    Found 1 direction containers.
    Finished parsing for line 345. Found 1 valid directions.
  Scraping line: 4 (tram) from https://www.wroclaw.pl/komunikacja/linia-4-wroclaw
    Parsing content for line 4...
    Found 12 direction containers.
    Finished parsing for line 4. Found 12 valid directions.
  Scraping line: 5 (tram) from https://www.wroclaw.pl/komunikacja/linia-5-wroclaw
    Parsing content for line 5...
    Found 13 direction containers.
    Finished parsing for line 5. Found 13 valid directions.
  Scraping line: 6 (tram) from https://www.wroclaw.pl/komunikacja/linia-6-wroclaw
    Parsing content for line 6...
    Found 5 direction containers.
    Finished parsing for line 6. Found 5 valid directions.
  Scraping line: 602 (bus) from https://www.wroclaw.pl/komunikacja/linia-602-wroclaw
    Parsing content for line 602...
    Found 6 direction containers.
    Finished parsing for line 602. Found 6 valid directions.
  Scraping line: 607 (bus) from https://www.wroclaw.pl/komunikacja/linia-607-wroclaw
    Parsing content for line 607...
    Found 5 direction containers.
    Finished parsing for line 607. Found 5 valid directions.
  Scraping line: 612 (bus) from https://www.wroclaw.pl/komunikacja/linia-612-wroclaw
    Parsing content for line 612...
    Found 2 direction containers.
    Finished parsing for line 612. Found 2 valid directions.
  Scraping line: 7 (tram) from https://www.wroclaw.pl/komunikacja/linia-7-wroclaw
    Parsing content for line 7...
    Found 9 direction containers.
    Finished parsing for line 7. Found 9 valid directions.
  Scraping line: 715 (bus) from https://www.wroclaw.pl/komunikacja/linia-715-wroclaw
    Parsing content for line 715...
    Found 4 direction containers.
    Finished parsing for line 715. Found 4 valid directions.
  Scraping line: 8 (tram) from https://www.wroclaw.pl/komunikacja/linia-8-wroclaw
    Parsing content for line 8...
    Found 8 direction containers.
    Finished parsing for line 8. Found 8 valid directions.
  Scraping line: 9 (tram) from https://www.wroclaw.pl/komunikacja/linia-9-wroclaw
    Parsing content for line 9...
    Found 7 direction containers.
    Finished parsing for line 9. Found 7 valid directions.

Scraping complete. Data saved to mpk_viewer/data/routes.json
